  Main.cpp
  MCG_GFX_Lib.cpp
C:\Users\s5313363\Downloads\MCG_GFX_Framework_v2\MCG_GFX_Framework\MCG_GFX_Lib.cpp(83,63): warning C4244: 'argument': conversion from 'T' to 'Uint8', possible loss of data
          with
          [
              T=float
          ]
C:\Users\s5313363\Downloads\MCG_GFX_Framework_v2\MCG_GFX_Framework\MCG_GFX_Lib.cpp(83,53): warning C4244: 'argument': conversion from 'T' to 'Uint8', possible loss of data
          with
          [
              T=float
          ]
C:\Users\s5313363\Downloads\MCG_GFX_Framework_v2\MCG_GFX_Framework\MCG_GFX_Lib.cpp(83,43): warning C4244: 'argument': conversion from 'T' to 'Uint8', possible loss of data
          with
          [
              T=float
          ]
C:\Users\s5313363\Downloads\MCG_GFX_Framework_v2\MCG_GFX_Framework\MCG_GFX_Lib.cpp(93,63): warning C4244: 'argument': conversion from 'T' to 'Uint8', possible loss of data
          with
          [
              T=float
          ]
C:\Users\s5313363\Downloads\MCG_GFX_Framework_v2\MCG_GFX_Framework\MCG_GFX_Lib.cpp(93,53): warning C4244: 'argument': conversion from 'T' to 'Uint8', possible loss of data
          with
          [
              T=float
          ]
C:\Users\s5313363\Downloads\MCG_GFX_Framework_v2\MCG_GFX_Framework\MCG_GFX_Lib.cpp(93,43): warning C4244: 'argument': conversion from 'T' to 'Uint8', possible loss of data
          with
          [
              T=float
          ]
  Generating Code...
  MCG_GFX_Framework.vcxproj -> C:\Users\s5313363\Downloads\MCG_GFX_Framework_v2\Debug\MCG_GFX_Framework.exe
